<?xml version="1.0" encoding="UTF-8"?>
<!-- Generated by org.testng.reporters.JUnitReportReporter -->
<testsuite hostname="IRA" failures="0" tests="1" name="test.NoPOMTest99GuruLogin" time="23.856" errors="0" timestamp="2025-06-25T07:56:38 IST" skipped="0">
  <testcase classname="test.NoPOMTest99GuruLogin" name="test_Home_Page_Appear_Correct" time="23.856"/>
</testsuite> <!-- test.NoPOMTest99GuruLogin -->
