<?xml version="1.0" encoding="UTF-8"?>
<!-- Generated by org.testng.reporters.JUnitReportReporter -->
<testsuite hostname="IRA" failures="0" tests="1" name="test.Test99GuruLoginWithPageFactory" time="1.987" errors="0" timestamp="2025-06-25T08:37:50 IST" skipped="0">
  <testcase classname="test.Test99GuruLoginWithPageFactory" name="test_Home_Page_Appear_Correct" time="1.987"/>
</testsuite> <!-- test.Test99GuruLoginWithPageFactory -->
